{"/home/ikki/Development/react-boilerplate/react-boilerplate/src/main.tsx": {"path":"/home/ikki/Development/react-boilerplate/react-boilerplate/src/main.tsx","statementMap":{"0":{"start":{"line":6,"column":0},"end":{"line":10,"column":1}}},"fnMap":{},"branchMap":{},"s":{"0":0},"f":{},"b":{}}
,"/home/ikki/Development/react-boilerplate/react-boilerplate/src/components/App.tsx": {"path":"/home/ikki/Development/react-boilerplate/react-boilerplate/src/components/App.tsx","statementMap":{"0":{"start":{"line":2,"column":2},"end":{"line":2,"column":63}}},"fnMap":{"0":{"name":"App","decl":{"start":{"line":1,"column":9},"end":{"line":1,"column":12}},"loc":{"start":{"line":1,"column":15},"end":{"line":3,"column":1}},"line":1}},"branchMap":{},"s":{"0":0},"f":{"0":0},"b":{}}
,"/home/ikki/Development/react-boilerplate/react-boilerplate/src/components/Test.tsx": {"path":"/home/ikki/Development/react-boilerplate/react-boilerplate/src/components/Test.tsx","statementMap":{"0":{"start":{"line":1,"column":13},"end":{"line":1,"column":34}},"1":{"start":{"line":1,"column":19},"end":{"line":1,"column":34}}},"fnMap":{"0":{"name":"(anonymous_0)","decl":{"start":{"line":1,"column":13},"end":{"line":1,"column":14}},"loc":{"start":{"line":1,"column":19},"end":{"line":1,"column":34}},"line":1}},"branchMap":{},"s":{"0":0,"1":0},"f":{"0":0},"b":{}}
}
